/*C3*/SET SCHEMA PUBLIC
INSERT INTO CONSULTATION VALUES(103,'2020-06-18 20:55:53.445000','test',18,15)
ALTER SEQUENCE PUBLIC.HIBERNATE_SEQUENCE RESTART WITH 104
COMMIT
/*C4*/SET SCHEMA PUBLIC
INSERT INTO ORDONNANCE VALUES(104,'2020-06-02 20:56:06.243000','test',18)
ALTER SEQUENCE PUBLIC.HIBERNATE_SEQUENCE RESTART WITH 105
COMMIT
/*C3*/SET SCHEMA PUBLIC
INSERT INTO PROFESSION VALUES(14,'TEST1')
COMMIT
INSERT INTO PROFESSION VALUES(15,'TEST2')
COMMIT
INSERT INTO PROFESSION VALUES(16,'DENTISTE')
COMMIT
INSERT INTO PROFESSION VALUES(17,'TEST3')
COMMIT
INSERT INTO PROFESSION VALUES(18,'TEST4')
COMMIT
INSERT INTO PROFESSION VALUES(19,'DENTISTE2')
COMMIT
/*C7*/SET SCHEMA PUBLIC
INSERT INTO ANTECEDENT VALUES(105,'zzzz','zzz',14)
ALTER SEQUENCE PUBLIC.HIBERNATE_SEQUENCE RESTART WITH 106
COMMIT
/*C3*/SET SCHEMA PUBLIC
DELETE FROM PROFESSION WHERE ID=58
INSERT INTO PROFESSION VALUES(58,'TEST2222')
COMMIT
DELETE FROM MEDECINUSER WHERE ID=62
INSERT INTO MEDECINUSER VALUES(62,'test\u00e9\u00e9\u00e9\u00e9','test','test\u00e9\u00e9\u00e9','test4')
COMMIT
DELETE FROM MEDECINUSER WHERE ID=62
COMMIT
/*C4*/SET SCHEMA PUBLIC
INSERT INTO CONSULTATION VALUES(105,'2020-06-12 16:41:13.882000','test',18,15)
ALTER SEQUENCE PUBLIC.HIBERNATE_SEQUENCE RESTART WITH 106
COMMIT
/*C5*/SET SCHEMA PUBLIC
DELETE FROM CONSULTATION WHERE ID=103
INSERT INTO CONSULTATION VALUES(103,'2020-06-18 20:55:53.445000','test222',18,15)
COMMIT
/*C6*/SET SCHEMA PUBLIC
DELETE FROM CLASSE_ANTECEDENT WHERE ID=68
INSERT INTO CLASSE_ANTECEDENT VALUES(68,'test1')
COMMIT
DELETE FROM CLASSE_ANTECEDENT WHERE ID=28
INSERT INTO CLASSE_ANTECEDENT VALUES(28,'TEST3')
COMMIT
/*C3*/SET SCHEMA PUBLIC
INSERT INTO ANTECEDENT VALUES(105,'zzz','zzz',26)
ALTER SEQUENCE PUBLIC.HIBERNATE_SEQUENCE RESTART WITH 106
COMMIT
/*C2*/SET SCHEMA PUBLIC
INSERT INTO ANTECEDENT VALUES(105,'aaaa','aaa',27)
ALTER SEQUENCE PUBLIC.HIBERNATE_SEQUENCE RESTART WITH 106
COMMIT
/*C2*/SET SCHEMA PUBLIC
DELETE FROM ANTECEDENT WHERE ID=31
COMMIT
DELETE FROM ANTECEDENT WHERE ID=41
INSERT INTO ANTECEDENT VALUES(41,'ccc','ccc',26)
COMMIT
/*C3*/SET SCHEMA PUBLIC
INSERT INTO ANTECEDENT VALUES(105,'test','Dernier test',26)
ALTER SEQUENCE PUBLIC.HIBERNATE_SEQUENCE RESTART WITH 106
COMMIT
DELETE FROM ANTECEDENT WHERE ID=35
INSERT INTO ANTECEDENT VALUES(35,'TEST3','TEST4',26)
COMMIT
DELETE FROM ANTECEDENT WHERE ID=69
COMMIT
